<?xml version="1.0" encoding="UTF-8"?>
<!-- Generated by org.testng.reporters.JUnitReportReporter -->
<testsuite hostname="DESKTOP-7UBB2ML" failures="0" tests="7" name="com.qa.TestScripts.TC_LoginPage" time="6.834" errors="0" timestamp="2024-03-04T09:51:54 IST" skipped="0">
  <testcase classname="com.qa.TestScripts.TC_LoginPage" name="enterUsernameAndPassword" time="0.501"/>
  <system-out/>
  <testcase classname="com.qa.TestScripts.TC_LoginPage" name="enterUsernameAndPassword" time="5.356"/>
  <system-out/>
  <testcase classname="com.qa.TestScripts.TC_LoginPage" name="enterUsernameAndPassword" time="0.278"/>
  <system-out/>
  <testcase classname="com.qa.TestScripts.TC_LoginPage" name="enterUsernameAndPassword" time="0.348"/>
  <system-out/>
  <testcase classname="com.qa.TestScripts.TC_LoginPage" name="enterUsernameAndPassword" time="0.288"/>
  <system-out/>
  <testcase classname="com.qa.TestScripts.TC_LoginPage" name="verifyTitle" time="0.017"/>
  <system-out/>
  <testcase classname="com.qa.TestScripts.TC_LoginPage" name="verifyErrorMessage" time="0.046"/>
  <system-out/>
</testsuite> <!-- com.qa.TestScripts.TC_LoginPage -->
